[2021-03-19 15:19:43,166] INFO Cleaner 0: Beginning cleaning of log __consumer_offsets-2. (kafka.log.LogCleaner)
[2021-03-19 15:19:43,171] INFO Cleaner 0: Building offset map for __consumer_offsets-2... (kafka.log.LogCleaner)
[2021-03-19 15:19:43,263] INFO Cleaner 0: Building offset map for log __consumer_offsets-2 for 1 segments in offset range [4695166, 5477685). (kafka.log.LogCleaner)
[2021-03-19 15:19:43,616] INFO Cleaner 0: Offset map for log __consumer_offsets-2 complete. (kafka.log.LogCleaner)
[2021-03-19 15:19:43,616] INFO Cleaner 0: Cleaning log __consumer_offsets-2 (cleaning prior to Fri Mar 19 15:19:28 CDT 2021, discarding tombstones prior to Thu Mar 18 13:46:53 CDT 2021)... (kafka.log.LogCleaner)
[2021-03-19 15:19:43,618] INFO Cleaner 0: Cleaning LogSegment(baseOffset=0, size=1387, lastModifiedTime=1616179041075, largestTime=1616177922402) in log __consumer_offsets-2 into 0 with deletion horizon 1616093213153, retaining deletes. (kafka.log.LogCleaner)
[2021-03-19 15:19:43,621] INFO Cleaner 0: Cleaning LogSegment(baseOffset=3912647, size=134, lastModifiedTime=1616179613153, largestTime=1616179613153) in log __consumer_offsets-2 into 0 with deletion horizon 1616093213153, retaining deletes. (kafka.log.LogCleaner)
[2021-03-19 15:19:43,641] INFO Cleaner 0: Swapping in cleaned segment LogSegment(baseOffset=0, size=1387, lastModifiedTime=1616179613153, largestTime=1616177922402) for segment(s) List(LogSegment(baseOffset=0, size=1387, lastModifiedTime=1616179041075, largestTime=1616177922402), LogSegment(baseOffset=3912647, size=134, lastModifiedTime=1616179613153, largestTime=1616179613153)) in log Log(dir=/tmp/kafka-logs/__consumer_offsets-2, topic=__consumer_offsets, partition=2, highWatermark=5482285, lastStableOffset=5482285, logStartOffset=0, logEndOffset=5482285) (kafka.log.LogCleaner)
[2021-03-19 15:19:43,644] INFO Cleaner 0: Cleaning LogSegment(baseOffset=4695166, size=104857546, lastModifiedTime=1616185168082, largestTime=1616185168081) in log __consumer_offsets-2 into 4695166 with deletion horizon 1616093213153, retaining deletes. (kafka.log.LogCleaner)
[2021-03-19 15:19:43,944] INFO Cleaner 0: Swapping in cleaned segment LogSegment(baseOffset=4695166, size=134, lastModifiedTime=1616185168082, largestTime=1616185168081) for segment(s) List(LogSegment(baseOffset=4695166, size=104857546, lastModifiedTime=1616185168082, largestTime=1616185168081)) in log Log(dir=/tmp/kafka-logs/__consumer_offsets-2, topic=__consumer_offsets, partition=2, highWatermark=5482478, lastStableOffset=5482478, logStartOffset=0, logEndOffset=5482478) (kafka.log.LogCleaner)
[2021-03-19 15:19:43,947] INFO [kafka-log-cleaner-thread-0]: 
	Log cleaner thread 0 cleaned log __consumer_offsets-2 (dirty section = [4695166, 5477685])
	100.0 MB of log processed in 0.8 seconds (129.0 MB/sec).
	Indexed 100.0 MB in 0.4 seconds (224.2 Mb/sec, 57.5% of total time)
	Buffer utilization: 0.0%
	Cleaned 100.0 MB in 0.3 seconds (304.0 Mb/sec, 42.5% of total time)
	Start size: 100.0 MB (782,527 messages)
	End size: 0.0 MB (8 messages)
	100.0% size reduction (100.0% fewer messages)
 (kafka.log.LogCleaner)
[2021-03-19 15:56:29,666] INFO Cleaner 0: Beginning cleaning of log __consumer_offsets-2. (kafka.log.LogCleaner)
[2021-03-19 15:56:29,667] INFO Cleaner 0: Building offset map for __consumer_offsets-2... (kafka.log.LogCleaner)
[2021-03-19 15:56:29,792] INFO Cleaner 0: Building offset map for log __consumer_offsets-2 for 1 segments in offset range [5477685, 6260204). (kafka.log.LogCleaner)
[2021-03-19 15:56:30,170] INFO Cleaner 0: Offset map for log __consumer_offsets-2 complete. (kafka.log.LogCleaner)
[2021-03-19 15:56:30,171] INFO Cleaner 0: Cleaning log __consumer_offsets-2 (cleaning prior to Fri Mar 19 15:56:26 CDT 2021, discarding tombstones prior to Thu Mar 18 15:19:28 CDT 2021)... (kafka.log.LogCleaner)
[2021-03-19 15:56:30,178] INFO Cleaner 0: Cleaning LogSegment(baseOffset=0, size=1387, lastModifiedTime=1616179613153, largestTime=1616177922402) in log __consumer_offsets-2 into 0 with deletion horizon 1616098768082, retaining deletes. (kafka.log.LogCleaner)
[2021-03-19 15:56:30,180] INFO Cleaner 0: Cleaning LogSegment(baseOffset=4695166, size=134, lastModifiedTime=1616185168082, largestTime=1616185168081) in log __consumer_offsets-2 into 0 with deletion horizon 1616098768082, retaining deletes. (kafka.log.LogCleaner)
[2021-03-19 15:56:30,199] INFO Cleaner 0: Swapping in cleaned segment LogSegment(baseOffset=0, size=1387, lastModifiedTime=1616185168082, largestTime=1616177922402) for segment(s) List(LogSegment(baseOffset=0, size=1387, lastModifiedTime=1616179613153, largestTime=1616177922402), LogSegment(baseOffset=4695166, size=134, lastModifiedTime=1616185168082, largestTime=1616185168081)) in log Log(dir=/tmp/kafka-logs/__consumer_offsets-2, topic=__consumer_offsets, partition=2, highWatermark=6261349, lastStableOffset=6261349, logStartOffset=0, logEndOffset=6261349) (kafka.log.LogCleaner)
[2021-03-19 15:56:30,201] INFO Cleaner 0: Cleaning LogSegment(baseOffset=5477685, size=104857546, lastModifiedTime=1616187386869, largestTime=1616187386868) in log __consumer_offsets-2 into 5477685 with deletion horizon 1616098768082, retaining deletes. (kafka.log.LogCleaner)
[2021-03-19 15:56:30,495] INFO Cleaner 0: Swapping in cleaned segment LogSegment(baseOffset=5477685, size=134, lastModifiedTime=1616187386869, largestTime=1616187386868) for segment(s) List(LogSegment(baseOffset=5477685, size=104857546, lastModifiedTime=1616187386869, largestTime=1616187386868)) in log Log(dir=/tmp/kafka-logs/__consumer_offsets-2, topic=__consumer_offsets, partition=2, highWatermark=6261562, lastStableOffset=6261562, logStartOffset=0, logEndOffset=6261562) (kafka.log.LogCleaner)
[2021-03-19 15:56:30,496] INFO [kafka-log-cleaner-thread-0]: 
	Log cleaner thread 0 cleaned log __consumer_offsets-2 (dirty section = [5477685, 6260204])
	100.0 MB of log processed in 0.8 seconds (120.8 MB/sec).
	Indexed 100.0 MB in 0.5 seconds (198.8 Mb/sec, 60.7% of total time)
	Buffer utilization: 0.0%
	Cleaned 100.0 MB in 0.3 seconds (307.7 Mb/sec, 39.3% of total time)
	Start size: 100.0 MB (782,527 messages)
	End size: 0.0 MB (8 messages)
	100.0% size reduction (100.0% fewer messages)
 (kafka.log.LogCleaner)
